{
  "RSpec": {
    "coverage": {
      "/Users/c827jin/Documents/Spring 2014/Navigator/spec/support/controller_macros.rb": [
        1,
        1,
        0,
        0,
        0,
        null,
        0,
        null,
        null,
        null
      ],
      "/Users/c827jin/Documents/Spring 2014/Navigator/app/models/schedule.rb": [
        1,
        null,
        null,
        null,
        1,
        1,
        1,
        1,
        null,
        1,
        1,
        1,
        null,
        1,
        null,
        null,
        null,
        1,
        1,
        1,
        1,
        null,
        null,
        1,
        154,
        null,
        null,
        null,
        null,
        null,
        1,
        1,
        344,
        129,
        null,
        215,
        61,
        null,
        154,
        null,
        154,
        null,
        154,
        null,
        null,
        154,
        154,
        154,
        null,
        154,
        154,
        0,
        null,
        154,
        null,
        null,
        null,
        null,
        null,
        0,
        0,
        0,
        0,
        null,
        154,
        null,
        154,
        138,
        138,
        null,
        0,
        0,
        null,
        null,
        16,
        16,
        null,
        null,
        null,
        1,
        0,
        null,
        null,
        null,
        1,
        0,
        null,
        null,
        1,
        0,
        null,
        null,
        null,
        1,
        0,
        0,
        0,
        0,
        null,
        null,
        0,
        null,
        null,
        null,
        1,
        0,
        0,
        0,
        0,
        null,
        null,
        0,
        null,
        null,
        null,
        null,
        null,
        null,
        null,
        1,
        263,
        263,
        2376,
        897,
        null,
        null,
        263,
        null,
        null,
        null,
        1,
        null,
        1,
        null,
        null,
        263,
        null,
        null,
        263,
        null,
        null,
        0,
        0,
        0,
        0,
        0,
        null,
        0,
        0,
        0,
        null,
        null,
        null,
        null,
        263,
        263,
        null,
        263,
        0,
        null,
        null,
        null,
        null,
        null,
        null,
        null,
        263,
        null,
        null,
        263,
        null,
        187,
        187,
        null,
        null,
        null,
        null,
        76,
        null,
        null,
        null,
        null,
        76,
        null,
        null,
        null,
        3,
        3,
        3,
        null,
        null,
        null,
        73,
        73,
        73,
        null,
        null,
        73,
        null,
        257,
        257,
        null,
        257,
        null,
        257,
        257,
        4,
        4,
        null,
        null,
        null,
        73,
        73,
        null,
        null,
        null,
        null,
        null,
        null,
        null,
        null,
        1,
        null,
        274,
        0,
        null,
        null,
        274,
        0,
        null,
        null,
        null,
        null,
        274,
        274,
        10,
        null,
        null,
        null,
        null,
        null,
        null,
        null,
        264,
        null,
        264,
        12,
        null,
        null,
        252,
        95,
        95,
        34,
        null,
        61,
        null,
        null,
        null,
        null,
        157,
        14,
        14,
        0,
        null,
        14,
        null,
        null,
        null,
        143,
        null,
        null,
        null,
        null,
        1,
        null,
        null,
        null,
        5,
        5,
        5,
        5,
        5,
        5,
        32,
        5,
        null,
        32,
        14,
        null,
        32,
        9,
        null,
        32,
        9,
        9,
        null,
        null,
        null,
        5,
        null,
        0,
        null,
        0,
        null,
        5,
        null,
        0,
        0,
        null,
        0,
        null,
        null,
        null,
        null,
        null,
        1,
        155,
        0,
        null,
        155,
        155,
        155,
        155,
        null,
        155,
        0,
        null,
        155,
        null,
        155,
        155,
        14,
        14,
        null,
        null,
        155,
        null,
        null,
        null,
        1,
        639,
        639,
        639,
        34,
        34,
        null,
        639,
        null,
        null,
        1,
        620,
        620,
        620,
        67,
        67,
        null,
        620,
        null,
        null,
        null,
        1,
        274,
        null,
        274,
        538,
        null,
        538,
        264,
        null,
        null,
        274,
        null,
        10,
        null,
        null,
        1,
        1,
        null,
        340,
        340,
        340,
        340,
        340,
        247,
        null,
        93,
        null,
        340,
        null,
        null,
        null,
        1,
        568,
        null,
        null,
        1,
        332,
        null,
        null,
        1,
        393,
        null,
        null,
        1,
        3297,
        null,
        null,
        1,
        1245,
        null,
        null,
        1,
        0,
        0,
        null,
        0,
        0,
        null,
        0,
        0,
        null,
        0,
        null,
        null,
        null,
        null,
        1,
        null,
        93,
        null,
        93,
        93,
        93,
        93,
        null,
        null,
        null,
        93,
        null,
        null,
        93,
        null,
        13,
        13,
        null,
        13,
        null,
        null,
        13,
        null,
        0,
        null,
        null,
        0,
        null,
        null,
        null,
        13,
        null,
        13,
        null,
        null,
        null,
        13,
        13,
        null,
        13,
        null,
        null,
        null,
        null,
        null,
        80,
        80,
        null,
        80,
        80,
        null,
        null,
        null,
        80,
        null,
        null,
        null,
        null,
        80,
        80,
        null,
        null,
        80,
        62,
        null,
        62,
        null,
        null,
        null,
        80,
        null,
        80,
        80,
        80,
        null,
        null,
        80,
        80,
        null,
        80,
        null,
        null,
        null,
        93,
        null,
        null,
        1,
        12,
        null,
        null,
        1,
        50,
        null,
        null,
        null,
        null
      ],
      "/Users/c827jin/Documents/Spring 2014/Navigator/app/models/event.rb": [
        1,
        null,
        null,
        null,
        1,
        1,
        1,
        1,
        null,
        1,
        null,
        1,
        null,
        null,
        null,
        null,
        null,
        null,
        null,
        null,
        null,
        null,
        null,
        null,
        null,
        null,
        null,
        null,
        null,
        null,
        null,
        null,
        null,
        null,
        null,
        null,
        null,
        null,
        null,
        null,
        null,
        null,
        null,
        null,
        null,
        null,
        null,
        null,
        null,
        null,
        null,
        null,
        null,
        null,
        null,
        null,
        null,
        null,
        null,
        null,
        null,
        null,
        null,
        null,
        null,
        null,
        null,
        null,
        null,
        null,
        null,
        null,
        null,
        null,
        null,
        null,
        null,
        null,
        null,
        null,
        null,
        null
      ]
    },
    "timestamp": 1399074944
  }
}
